<?xml version="1.0" encoding="UTF-8"?>
<!-- Generated by org.testng.reporters.JUnitXMLReporter -->
<testsuite ignored="0" hostname="LAPTOP-HA0ULEAJ" failures="3" tests="8" name="Test" time="75.723" errors="0" timestamp="2023-11-06T20:19:47 IST">
  <testcase classname="TestScript.PacktTest" name="BrowserCall" time="48.898"/>
  <testcase classname="TestScript.PacktTest" name="extentReportFile" time="0.21"/>
  <testcase classname="TestScript.PacktTest" name="LaunchApp" time="7.847"/>
  <testcase classname="TestScript.PacktTest" name="AcceptAlert" time="0.165"/>
  <testcase classname="TestScript.PacktTest" name="VerifyPositioinColorAndText" time="0.003">
    <failure type="java.lang.Error" message="Unresolved compilation problems: 
	Assert cannot be resolved
	Reporter cannot be resolved
">
      <![CDATA[java.lang.Error: Unresolved compilation problems: 
Assert cannot be resolved
Reporter cannot be resolved

at Pages.HomePage.VerifyColor(HomePage.java:128)
at TestScript.PacktTest.VerifyPositioinColorAndText(PacktTest.java:51)
at java.base/java.util.ArrayList.forEach(ArrayList.java:1511)
... Removed 27 stack frames]]>
    </failure>
  </testcase> <!-- VerifyPositioinColorAndText -->
  <testcase classname="TestScript.PacktTest" name="VerifyBrowse" time="0.003">
    <failure type="java.lang.Error" message="Unresolved compilation problems: 
	Lambda expressions are allowed only at source level 1.8 or above
	Cannot refer to the non-final local variable word defined in an enclosing scope
">
      <![CDATA[java.lang.Error: Unresolved compilation problems: 
Lambda expressions are allowed only at source level 1.8 or above
Cannot refer to the non-final local variable word defined in an enclosing scope

at Pages.HomePage.VerifyBrowseLibrary(HomePage.java:108)
at TestScript.PacktTest.VerifyBrowse(PacktTest.java:61)
at java.base/java.util.ArrayList.forEach(ArrayList.java:1511)
... Removed 27 stack frames]]>
    </failure>
  </testcase> <!-- VerifyBrowse -->
  <testcase classname="TestScript.PacktTest" name="VerifySuggestedTitles" time="10.703"/>
  <testcase classname="TestScript.PacktTest" name="search" time="7.778">
    <failure type="org.openqa.selenium.StaleElementReferenceException" message="stale element reference: stale element not found
  (Session info: chrome=119.0.6045.106)
For documentation on this error, please visit: https://www.selenium.dev/documentation/webdriver/troubleshooting/errors#stale-element-reference-exception
Build info: version: &amp;apos;4.15.0&amp;apos;, revision: &amp;apos;1d14b5521b&amp;apos;
System info: os.name: &amp;apos;Windows 10&amp;apos;, os.arch: &amp;apos;amd64&amp;apos;, os.version: &amp;apos;10.0&amp;apos;, java.version: &amp;apos;17.0.1&amp;apos;
Driver info: org.openqa.selenium.chrome.ChromeDriver
Command: [a3f72589b2f81041f2df4289a7d3c11f, clickElement {id=EE1C1742585D23BBD3DF503CB5223F49_element_48}]
Capabilities {acceptInsecureCerts: false, browserName: chrome, browserVersion: 119.0.6045.106, chrome: {chromedriverVersion: 119.0.6045.105 (38c72552c5e..., userDataDir: C:\Users\SAURABH\AppData\Lo...}, fedcm:accounts: true, goog:chromeOptions: {debuggerAddress: localhost:50387}, networkConnectionEnabled: false, pageLoadStrategy: normal, platformName: windows, proxy: Proxy(), se:cdp: ws://localhost:50387/devtoo..., se:cdpVersion: 119.0.6045.106, setWindowRect: true, strictFileInteractability: false, timeouts: {implicit: 0, pageLoad: 300000, script: 30000}, unhandledPromptBehavior: dismiss and notify, webauthn:extension:credBlob: true, webauthn:extension:largeBlob: true, webauthn:extension:minPinLength: true, webauthn:extension:prf: true, webauthn:virtualAuthenticators: true}
Element: [[[[ChromeDriver: chrome on windows (a3f72589b2f81041f2df4289a7d3c11f)] -&amp;gt; xpath: //nav[@id=&amp;apos;packt-navbar&amp;apos;]]] -&amp;gt; xpath: // nav[@id=&amp;apos;packt-navbar&amp;apos;]/div/a]
Session ID: a3f72589b2f81041f2df4289a7d3c11f">
      <![CDATA[org.openqa.selenium.StaleElementReferenceException: stale element reference: stale element not found
  (Session info: chrome=119.0.6045.106)
For documentation on this error, please visit: https://www.selenium.dev/documentation/webdriver/troubleshooting/errors#stale-element-reference-exception
Build info: version: '4.15.0', revision: '1d14b5521b'
System info: os.name: 'Windows 10', os.arch: 'amd64', os.version: '10.0', java.version: '17.0.1'
Driver info: org.openqa.selenium.chrome.ChromeDriver
Command: [a3f72589b2f81041f2df4289a7d3c11f, clickElement {id=EE1C1742585D23BBD3DF503CB5223F49_element_48}]
Capabilities {acceptInsecureCerts: false, browserName: chrome, browserVersion: 119.0.6045.106, chrome: {chromedriverVersion: 119.0.6045.105 (38c72552c5e..., userDataDir: C:\Users\SAURABH\AppData\Lo...}, fedcm:accounts: true, goog:chromeOptions: {debuggerAddress: localhost:50387}, networkConnectionEnabled: false, pageLoadStrategy: normal, platformName: windows, proxy: Proxy(), se:cdp: ws://localhost:50387/devtoo..., se:cdpVersion: 119.0.6045.106, setWindowRect: true, strictFileInteractability: false, timeouts: {implicit: 0, pageLoad: 300000, script: 30000}, unhandledPromptBehavior: dismiss and notify, webauthn:extension:credBlob: true, webauthn:extension:largeBlob: true, webauthn:extension:minPinLength: true, webauthn:extension:prf: true, webauthn:virtualAuthenticators: true}
Element: [[[[ChromeDriver: chrome on windows (a3f72589b2f81041f2df4289a7d3c11f)] -> xpath: //nav[@id='packt-navbar']]] -> xpath: // nav[@id='packt-navbar']/div/a]
Session ID: a3f72589b2f81041f2df4289a7d3c11f
at org.openqa.selenium.remote.codec.w3c.W3CHttpResponseCodec.createException(W3CHttpResponseCodec.java:200)
at org.openqa.selenium.remote.codec.w3c.W3CHttpResponseCodec.decode(W3CHttpResponseCodec.java:133)
at org.openqa.selenium.remote.codec.w3c.W3CHttpResponseCodec.decode(W3CHttpResponseCodec.java:52)
at org.openqa.selenium.remote.HttpCommandExecutor.execute(HttpCommandExecutor.java:191)
at org.openqa.selenium.remote.service.DriverCommandExecutor.invokeExecute(DriverCommandExecutor.java:200)
at org.openqa.selenium.remote.service.DriverCommandExecutor.execute(DriverCommandExecutor.java:175)
at org.openqa.selenium.remote.RemoteWebDriver.execute(RemoteWebDriver.java:607)
at org.openqa.selenium.remote.RemoteWebElement.execute(RemoteWebElement.java:224)
at org.openqa.selenium.remote.RemoteWebElement.click(RemoteWebElement.java:77)
at Pages.HomePage.VerifyNavBar(HomePage.java:168)
at TestScript.PacktTest.search(PacktTest.java:79)
at java.base/java.util.ArrayList.forEach(ArrayList.java:1511)
... Removed 32 stack frames]]>
    </failure>
  </testcase> <!-- search -->
</testsuite> <!-- Test -->
